14:11:49.916 [main] INFO  api_Test.User_Test_Properties - ************ Creating User **************
14:11:56.119 [main] INFO  api_Test.User_Test_Properties - ************ User is Created **************
14:11:56.139 [main] INFO  api_Test.User_Test_Properties - ************ Getting User **************
14:11:57.123 [main] INFO  api_Test.User_Test_Properties - ************ User is Displayed **************
14:11:57.129 [main] INFO  api_Test.User_Test_Properties - ************ Updating User **************
14:11:59.121 [main] INFO  api_Test.User_Test_Properties - ************ User is Updated **************
14:11:59.126 [main] INFO  api_Test.User_Test_Properties - ************ Deleting User **************
14:12:00.745 [main] INFO  api_Test.User_Test_Properties - ************ User is Deleted **************
14:12:38.860 [main] INFO  api_Test.User_Test_Properties - ************ Creating User **************
14:12:42.263 [main] INFO  api_Test.User_Test_Properties - ************ User is Created **************
14:12:42.282 [main] INFO  api_Test.User_Test_Properties - ************ Getting User **************
14:12:43.208 [main] INFO  api_Test.User_Test_Properties - ************ User is Displayed **************
14:12:43.210 [main] INFO  api_Test.User_Test_Properties - ************ Updating User **************
14:12:45.012 [main] INFO  api_Test.User_Test_Properties - ************ User is Updated **************
14:12:45.015 [main] INFO  api_Test.User_Test_Properties - ************ Deleting User **************
14:12:46.665 [main] INFO  api_Test.User_Test_Properties - ************ User is Deleted **************
10:06:45.249 [main] INFO  api_Test.User_Test_Properties - ************ Creating User **************
10:06:50.843 [main] INFO  api_Test.User_Test_Properties - ************ User is Created **************
10:06:50.872 [main] INFO  api_Test.User_Test_Properties - ************ Getting User **************
10:06:51.785 [main] INFO  api_Test.User_Test_Properties - ************ User is Displayed **************
10:06:51.787 [main] INFO  api_Test.User_Test_Properties - ************ Updating User **************
10:06:53.607 [main] INFO  api_Test.User_Test_Properties - ************ User is Updated **************
10:06:53.611 [main] INFO  api_Test.User_Test_Properties - ************ Deleting User **************
10:06:55.449 [main] INFO  api_Test.User_Test_Properties - ************ User is Deleted **************
